{
  "RSpec": {
    "coverage": {
      "/Users/ericmielke/turing/module_3/final/sweater-weather-api/app/poros/geo_location.rb": {
        "lines": [
          1,
          1,
          null,
          null,
          1,
          2,
          2,
          null,
          null
        ]
      },
      "/Users/ericmielke/turing/module_3/final/sweater-weather-api/app/models/api_key.rb": {
        "lines": [
          0,
          0,
          0,
          0,
          0,
          0,
          0,
          0,
          0,
          0
        ],
        "branches": {
        }
      },
      "/Users/ericmielke/turing/module_3/final/sweater-weather-api/app/models/application_record.rb": {
        "lines": [
          0,
          0,
          0
        ],
        "branches": {
        }
      },
      "/Users/ericmielke/turing/module_3/final/sweater-weather-api/app/models/user.rb": {
        "lines": [
          0,
          0,
          0,
          null,
          0,
          0
        ],
        "branches": {
        }
      },
      "/Users/ericmielke/turing/module_3/final/sweater-weather-api/app/poros/current_weather.rb": {
        "lines": [

        ],
        "branches": {
        }
      },
      "/Users/ericmielke/turing/module_3/final/sweater-weather-api/app/poros/forecast.rb": {
        "lines": [

        ],
        "branches": {
        }
      },
      "/Users/ericmielke/turing/module_3/final/sweater-weather-api/app/poros/hourly_weather.rb": {
        "lines": [

        ],
        "branches": {
        }
      },
      "/Users/ericmielke/turing/module_3/final/sweater-weather-api/app/poros/daily_weather.rb": {
        "lines": [

        ],
        "branches": {
        }
      },
      "/Users/ericmielke/turing/module_3/final/sweater-weather-api/app/controllers/application_controller.rb": {
        "lines": [
          0,
          0
        ],
        "branches": {
        }
      },
      "/Users/ericmielke/turing/module_3/final/sweater-weather-api/app/controllers/api/v1/forecast/forcasts_controller.rb": {
        "lines": [
          0,
          null,
          0,
          0,
          0
        ],
        "branches": {
        }
      },
      "/Users/ericmielke/turing/module_3/final/sweater-weather-api/app/controllers/api/v1/users/users_controller.rb": {
        "lines": [
          0,
          0,
          null,
          0,
          null,
          0,
          0,
          0,
          0,
          0
        ],
        "branches": {
        }
      }
    },
    "timestamp": 1646511002
  }
}
