{
  "RSpec": {
    "coverage": {
      "/Users/ericmielke/turing/module_3/final/sweater-weather-api/app/controllers/api/v1/book_search_controller.rb": {
        "lines": [
          1,
          1,
          null,
          1,
          2,
          null,
          null,
          1,
          1,
          null,
          3,
          1,
          null,
          3,
          1,
          null,
          2,
          null,
          2,
          null,
          null,
          null,
          null,
          null,
          null
        ]
      },
      "/Users/ericmielke/turing/module_3/final/sweater-weather-api/app/controllers/application_controller.rb": {
        "lines": [
          1,
          1,
          null
        ]
      },
      "/Users/ericmielke/turing/module_3/final/sweater-weather-api/app/controllers/concerns/response.rb": {
        "lines": [
          1,
          1,
          2,
          null,
          null
        ]
      },
      "/Users/ericmielke/turing/module_3/final/sweater-weather-api/app/facades/location_facade.rb": {
        "lines": [
          1,
          null,
          1,
          2,
          null,
          null,
          1,
          1,
          2,
          null,
          null
        ]
      },
      "/Users/ericmielke/turing/module_3/final/sweater-weather-api/app/poros/geo_location.rb": {
        "lines": [
          1,
          1,
          null,
          null,
          1,
          2,
          2,
          null,
          null
        ]
      },
      "/Users/ericmielke/turing/module_3/final/sweater-weather-api/app/services/location_service.rb": {
        "lines": [
          1,
          null,
          1,
          2,
          2,
          null,
          null,
          1,
          1,
          2,
          2,
          null,
          null,
          null,
          1,
          2,
          null,
          null
        ]
      },
      "/Users/ericmielke/turing/module_3/final/sweater-weather-api/app/facades/library_facade.rb": {
        "lines": [
          1,
          null,
          1,
          4,
          null,
          null,
          1,
          2,
          null,
          null,
          1,
          2,
          10,
          null,
          null,
          null,
          1,
          1,
          4,
          null,
          null
        ]
      },
      "/Users/ericmielke/turing/module_3/final/sweater-weather-api/app/services/library_service.rb": {
        "lines": [
          1,
          null,
          1,
          4,
          4,
          null,
          null,
          1,
          1,
          4,
          null,
          null,
          1,
          4,
          null,
          null
        ]
      },
      "/Users/ericmielke/turing/module_3/final/sweater-weather-api/app/poros/book.rb": {
        "lines": [
          1,
          1,
          null,
          null,
          1,
          10,
          10,
          10,
          null,
          null
        ]
      },
      "/Users/ericmielke/turing/module_3/final/sweater-weather-api/app/facades/forecast_facade.rb": {
        "lines": [
          1,
          null,
          1,
          2,
          2,
          2,
          10,
          null,
          2,
          16,
          null,
          2,
          null,
          null,
          1,
          1,
          2,
          null,
          null
        ]
      },
      "/Users/ericmielke/turing/module_3/final/sweater-weather-api/app/services/forecast_service.rb": {
        "lines": [
          1,
          null,
          1,
          2,
          2,
          null,
          null,
          1,
          1,
          2,
          2,
          null,
          null,
          null,
          1,
          2,
          null,
          null
        ]
      },
      "/Users/ericmielke/turing/module_3/final/sweater-weather-api/app/poros/current_weather.rb": {
        "lines": [
          1,
          1,
          null,
          null,
          null,
          null,
          null,
          null,
          null,
          null,
          null,
          1,
          2,
          2,
          2,
          2,
          2,
          2,
          2,
          2,
          2,
          2,
          null,
          null,
          null
        ]
      },
      "/Users/ericmielke/turing/module_3/final/sweater-weather-api/app/poros/daily_weather.rb": {
        "lines": [
          1,
          1,
          null,
          null,
          null,
          null,
          null,
          null,
          null,
          1,
          10,
          10,
          10,
          10,
          10,
          10,
          10,
          null,
          null
        ]
      },
      "/Users/ericmielke/turing/module_3/final/sweater-weather-api/app/poros/hourly_weather.rb": {
        "lines": [
          1,
          1,
          null,
          null,
          null,
          null,
          1,
          16,
          16,
          16,
          16,
          null,
          null
        ]
      },
      "/Users/ericmielke/turing/module_3/final/sweater-weather-api/app/poros/forecast.rb": {
        "lines": [
          1,
          1,
          null,
          null,
          null,
          null,
          1,
          2,
          2,
          2,
          2,
          null,
          null
        ]
      },
      "/Users/ericmielke/turing/module_3/final/sweater-weather-api/app/serializers/books_serializer.rb": {
        "lines": [
          1,
          null,
          1,
          1,
          2,
          null,
          null,
          null,
          null,
          null,
          null,
          null,
          null,
          null,
          null,
          null,
          null,
          1,
          null,
          2,
          null,
          null,
          null,
          null,
          null
        ]
      },
      "/Users/ericmielke/turing/module_3/final/sweater-weather-api/app/models/api_key.rb": {
        "lines": [
          0,
          0,
          0,
          0,
          0,
          0,
          0,
          0,
          0,
          0
        ],
        "branches": {
        }
      },
      "/Users/ericmielke/turing/module_3/final/sweater-weather-api/app/models/application_record.rb": {
        "lines": [
          0,
          0,
          0
        ],
        "branches": {
        }
      },
      "/Users/ericmielke/turing/module_3/final/sweater-weather-api/app/models/user.rb": {
        "lines": [
          0,
          0,
          0,
          null,
          0,
          0
        ],
        "branches": {
        }
      },
      "/Users/ericmielke/turing/module_3/final/sweater-weather-api/app/serializers/image_serializer.rb": {
        "lines": [
          0,
          0,
          0,
          0,
          0,
          0
        ],
        "branches": {
        }
      },
      "/Users/ericmielke/turing/module_3/final/sweater-weather-api/app/serializers/forecast_serializer.rb": {
        "lines": [
          0,
          0,
          0,
          0,
          0,
          0
        ],
        "branches": {
        }
      },
      "/Users/ericmielke/turing/module_3/final/sweater-weather-api/app/facades/background_facade.rb": {
        "lines": [
          0,
          null,
          0,
          0,
          0,
          null,
          0,
          0,
          0,
          0,
          0
        ],
        "branches": {
        }
      },
      "/Users/ericmielke/turing/module_3/final/sweater-weather-api/app/poros/image.rb": {
        "lines": [
          0,
          0,
          0,
          0,
          0,
          null,
          0,
          0,
          0,
          0,
          0,
          0,
          0
        ],
        "branches": {
        }
      },
      "/Users/ericmielke/turing/module_3/final/sweater-weather-api/app/controllers/api/v1/backgrounds_controller.rb": {
        "lines": [
          0,
          0,
          null,
          0,
          0,
          0,
          null,
          0,
          0,
          0,
          0,
          0
        ],
        "branches": {
        }
      },
      "/Users/ericmielke/turing/module_3/final/sweater-weather-api/app/controllers/api/v1/forecast_controller.rb": {
        "lines": [
          0,
          0,
          null,
          0,
          0,
          0,
          null,
          0,
          0,
          0,
          0,
          0
        ],
        "branches": {
        }
      },
      "/Users/ericmielke/turing/module_3/final/sweater-weather-api/app/controllers/api/v1/users_controller.rb": {
        "lines": [
          0,
          0,
          null,
          0,
          null,
          0,
          0,
          0,
          0,
          0
        ],
        "branches": {
        }
      },
      "/Users/ericmielke/turing/module_3/final/sweater-weather-api/app/services/background_service.rb": {
        "lines": [
          0,
          null,
          0,
          0,
          0,
          0,
          null,
          0,
          0,
          0,
          0,
          0,
          0,
          null,
          0,
          0,
          0,
          0
        ],
        "branches": {
        }
      }
    },
    "timestamp": 1646679060
  }
}
